<?xml version="1.0" encoding="UTF-8"?>
<!-- Generated by org.testng.reporters.JUnitReportReporter -->
<testsuite hostname="DESKTOP-6UC1S1L" failures="0" tests="1" name="learnMaven.MavenJava.SeleniumTest" time="0.005" errors="0" timestamp="2020-10-18T11:15:08 EDT" skipped="0">
  <testcase classname="learnMaven.MavenJava.SeleniumTest" name="elements" time="0.005"/>
  <system-out/>
</testsuite> <!-- learnMaven.MavenJava.SeleniumTest -->
