<?xml version="1.0" encoding="UTF-8"?>
<!-- Generated by org.testng.reporters.JUnitReportReporter -->
<testsuite hostname="DESKTOP-6UC1S1L" failures="0" tests="2" name="learnMaven.MavenJava.APITest" time="0.007" errors="0" timestamp="2020-10-18T09:56:47 EDT" skipped="0">
  <testcase classname="learnMaven.MavenJava.APITest" name="nativApp" time="0.006"/>
  <system-out/>
  <testcase classname="learnMaven.MavenJava.APITest" name="restApp" time="0.001"/>
  <system-out/>
</testsuite> <!-- learnMaven.MavenJava.APITest -->
